Grammar

    0 $accept: expr $end

    1 expr: NUMBER expr
    2     | NUMBER
    3     | WHITESPACE
    4     | ANY


Terminals, with rules where they appear

$end (0) 0
error (256)
NUMBER (258) 1 2
WHITESPACE (259) 3
ANY (260) 4


Nonterminals, with rules where they appear

$accept (6)
    on left: 0
expr (7)
    on left: 1 2 3 4, on right: 0 1


State 0

    0 $accept: . expr $end

    NUMBER      shift, and go to state 1
    WHITESPACE  shift, and go to state 2
    ANY         shift, and go to state 3

    expr  go to state 4


State 1

    1 expr: NUMBER . expr
    2     | NUMBER .

    NUMBER      shift, and go to state 1
    WHITESPACE  shift, and go to state 2
    ANY         shift, and go to state 3

    $default  reduce using rule 2 (expr)

    expr  go to state 5


State 2

    3 expr: WHITESPACE .

    $default  reduce using rule 3 (expr)


State 3

    4 expr: ANY .

    $default  reduce using rule 4 (expr)


State 4

    0 $accept: expr . $end

    $end  shift, and go to state 6


State 5

    1 expr: NUMBER expr .

    $default  reduce using rule 1 (expr)


State 6

    0 $accept: expr $end .

    $default  accept
